# JRE version: OpenJDK Runtime Environment Corretto-11.0.16.9.1 (11.0.16.1+9) (build 11.0.16.1+9-LTS)
# Java VM: OpenJDK 64-Bit Server VM Corretto-11.0.16.9.1 (11.0.16.1+9-LTS, mixed mode, tiered, compressed oops, g1 gc, windows-amd64)
Heap:
 garbage-first heap   total 236544K, used 65195K [0x0000000741c00000, 0x0000000800000000)
  region size 1024K, 56 young (57344K), 11 survivors (11264K)
 Metaspace       used 55925K, capacity 57497K, committed 57600K, reserved 1099776K
  class space    used 7021K, capacity 7661K, committed 7680K, reserved 1048576K
GC Heap History (12 events):
Event: 1.906 GC heap before
{Heap before GC invocations=0 (full 0):
 garbage-first heap   total 196608K, used 14336K [0x0000000741c00000, 0x0000000800000000)
  region size 1024K, 14 young (14336K), 0 survivors (0K)
 Metaspace       used 9827K, capacity 10010K, committed 10240K, reserved 1058816K
  class space    used 880K, capacity 950K, committed 1024K, reserved 1048576K
}
Event: 1.968 GC heap after
{Heap after GC invocations=1 (full 0):
 garbage-first heap   total 196608K, used 6476K [0x0000000741c00000, 0x0000000800000000)
  region size 1024K, 2 young (2048K), 2 survivors (2048K)
 Metaspace       used 9827K, capacity 10010K, committed 10240K, reserved 1058816K
  class space    used 880K, capacity 950K, committed 1024K, reserved 1048576K
}
Event: 4.783 GC heap before
{Heap before GC invocations=1 (full 0):
 garbage-first heap   total 196608K, used 55628K [0x0000000741c00000, 0x0000000800000000)
  region size 1024K, 52 young (53248K), 2 survivors (2048K)
 Metaspace       used 20693K, capacity 21168K, committed 21248K, reserved 1069056K
  class space    used 2283K, capacity 2491K, committed 2560K, reserved 1048576K
}
Event: 4.799 GC heap after
{Heap after GC invocations=2 (full 0):
 garbage-first heap   total 196608K, used 9165K [0x0000000741c00000, 0x0000000800000000)
  region size 1024K, 5 young (5120K), 5 survivors (5120K)
 Metaspace       used 20693K, capacity 21168K, committed 21248K, reserved 1069056K
  class space    used 2283K, capacity 2491K, committed 2560K, reserved 1048576K
}
Event: 5.495 GC heap before
{Heap before GC invocations=3 (full 0):
 garbage-first heap   total 196608K, used 33741K [0x0000000741c00000, 0x0000000800000000)
  region size 1024K, 29 young (29696K), 5 survivors (5120K)
 Metaspace       used 22896K, capacity 23489K, committed 23680K, reserved 1071104K
  class space    used 2646K, capacity 2877K, committed 2944K, reserved 1048576K
}
Event: 5.515 GC heap after
{Heap after GC invocations=4 (full 0):
 garbage-first heap   total 196608K, used 10313K [0x0000000741c00000, 0x0000000800000000)
  region size 1024K, 2 young (2048K), 2 survivors (2048K)
 Metaspace       used 22896K, capacity 23489K, committed 23680K, reserved 1071104K
  class space    used 2646K, capacity 2877K, committed 2944K, reserved 1048576K
}
Event: 7.352 GC heap before
{Heap before GC invocations=4 (full 0):
 garbage-first heap   total 196608K, used 63561K [0x0000000741c00000, 0x0000000800000000)
  region size 1024K, 55 young (56320K), 2 survivors (2048K)
 Metaspace       used 29278K, capacity 29983K, committed 30080K, reserved 1075200K
  class space    used 3371K, capacity 3645K, committed 3712K, reserved 1048576K
}
Event: 7.358 GC heap after
{Heap after GC invocations=5 (full 0):
 garbage-first heap   total 196608K, used 12318K [0x0000000741c00000, 0x0000000800000000)
  region size 1024K, 4 young (4096K), 4 survivors (4096K)
 Metaspace       used 29278K, capacity 29983K, committed 30080K, reserved 1075200K
  class space    used 3371K, capacity 3645K, committed 3712K, reserved 1048576K
}
Event: 10.450 GC heap before
{Heap before GC invocations=5 (full 0):
 garbage-first heap   total 196608K, used 72734K [0x0000000741c00000, 0x0000000800000000)
  region size 1024K, 64 young (65536K), 4 survivors (4096K)
 Metaspace       used 34897K, capacity 35746K, committed 35840K, reserved 1081344K
  class space    used 4111K, capacity 4449K, committed 4480K, reserved 1048576K
}
Event: 10.468 GC heap after
{Heap after GC invocations=6 (full 0):
 garbage-first heap   total 196608K, used 14688K [0x0000000741c00000, 0x0000000800000000)
  region size 1024K, 6 young (6144K), 6 survivors (6144K)
 Metaspace       used 34897K, capacity 35746K, committed 35840K, reserved 1081344K
  class space    used 4111K, capacity 4449K, committed 4480K, reserved 1048576K
}
Event: 18.725 GC heap before
{Heap before GC invocations=7 (full 0):
 garbage-first heap   total 196608K, used 110944K [0x0000000741c00000, 0x0000000800000000)
  region size 1024K, 100 young (102400K), 6 survivors (6144K)
 Metaspace       used 49006K, capacity 50434K, committed 50688K, reserved 1093632K
  class space    used 6061K, capacity 6626K, committed 6656K, reserved 1048576K
}
Event: 18.754 GC heap after
{Heap after GC invocations=8 (full 0):
 garbage-first heap   total 236544K, used 20139K [0x0000000741c00000, 0x0000000800000000)
  region size 1024K, 11 young (11264K), 11 survivors (11264K)
 Metaspace       used 49006K, capacity 50434K, committed 50688K, reserved 1093632K
  class space    used 6061K, capacity 6626K, committed 6656K, reserved 1048576K
}

