# JRE version: OpenJDK Runtime Environment Corretto-11.0.16.9.1 (11.0.16.1+9) (build 11.0.16.1+9-LTS)
# Java VM: OpenJDK 64-Bit Server VM Corretto-11.0.16.9.1 (11.0.16.1+9-LTS, mixed mode, tiered, compressed oops, g1 gc, windows-amd64)
Heap:
 garbage-first heap   total 236544K, used 141265K [0x0000000741c00000, 0x0000000800000000)
  region size 1024K, 126 young (129024K), 9 survivors (9216K)
 Metaspace       used 70377K, capacity 72329K, committed 72448K, reserved 1112064K
  class space    used 8954K, capacity 9728K, committed 9804K, reserved 1048576K
GC Heap History (18 events):
Event: 1.301 GC heap before
{Heap before GC invocations=0 (full 0):
 garbage-first heap   total 196608K, used 14336K [0x0000000741c00000, 0x0000000800000000)
  region size 1024K, 14 young (14336K), 0 survivors (0K)
 Metaspace       used 9891K, capacity 10114K, committed 10240K, reserved 1058816K
  class space    used 873K, capacity 942K, committed 1024K, reserved 1048576K
}
Event: 1.321 GC heap after
{Heap after GC invocations=1 (full 0):
 garbage-first heap   total 196608K, used 6961K [0x0000000741c00000, 0x0000000800000000)
  region size 1024K, 2 young (2048K), 2 survivors (2048K)
 Metaspace       used 9891K, capacity 10114K, committed 10240K, reserved 1058816K
  class space    used 873K, capacity 942K, committed 1024K, reserved 1048576K
}
Event: 1.817 GC heap before
{Heap before GC invocations=1 (full 0):
 garbage-first heap   total 196608K, used 16177K [0x0000000741c00000, 0x0000000800000000)
  region size 1024K, 11 young (11264K), 2 survivors (2048K)
 Metaspace       used 12322K, capacity 12609K, committed 12928K, reserved 1060864K
  class space    used 1193K, capacity 1292K, committed 1408K, reserved 1048576K
}
Event: 1.823 GC heap after
{Heap after GC invocations=2 (full 0):
 garbage-first heap   total 196608K, used 7645K [0x0000000741c00000, 0x0000000800000000)
  region size 1024K, 1 young (1024K), 1 survivors (1024K)
 Metaspace       used 12322K, capacity 12609K, committed 12928K, reserved 1060864K
  class space    used 1193K, capacity 1292K, committed 1408K, reserved 1048576K
}
Event: 2.909 GC heap before
{Heap before GC invocations=2 (full 0):
 garbage-first heap   total 196608K, used 34269K [0x0000000741c00000, 0x0000000800000000)
  region size 1024K, 27 young (27648K), 1 survivors (1024K)
 Metaspace       used 18748K, capacity 19221K, committed 19328K, reserved 1067008K
  class space    used 1998K, capacity 2164K, committed 2176K, reserved 1048576K
}
Event: 2.915 GC heap after
{Heap after GC invocations=3 (full 0):
 garbage-first heap   total 196608K, used 8959K [0x0000000741c00000, 0x0000000800000000)
  region size 1024K, 2 young (2048K), 2 survivors (2048K)
 Metaspace       used 18748K, capacity 19221K, committed 19328K, reserved 1067008K
  class space    used 1998K, capacity 2164K, committed 2176K, reserved 1048576K
}
Event: 3.309 GC heap before
{Heap before GC invocations=3 (full 0):
 garbage-first heap   total 196608K, used 23295K [0x0000000741c00000, 0x0000000800000000)
  region size 1024K, 17 young (17408K), 2 survivors (2048K)
 Metaspace       used 20678K, capacity 21240K, committed 21504K, reserved 1069056K
  class space    used 2282K, capacity 2493K, committed 2560K, reserved 1048576K
}
Event: 3.317 GC heap after
{Heap after GC invocations=4 (full 0):
 garbage-first heap   total 196608K, used 9431K [0x0000000741c00000, 0x0000000800000000)
  region size 1024K, 3 young (3072K), 3 survivors (3072K)
 Metaspace       used 20678K, capacity 21240K, committed 21504K, reserved 1069056K
  class space    used 2282K, capacity 2493K, committed 2560K, reserved 1048576K
}
Event: 4.299 GC heap before
{Heap before GC invocations=5 (full 0):
 garbage-first heap   total 196608K, used 50391K [0x0000000741c00000, 0x0000000800000000)
  region size 1024K, 43 young (44032K), 3 survivors (3072K)
 Metaspace       used 24374K, capacity 24955K, committed 25088K, reserved 1071104K
  class space    used 2810K, capacity 3028K, committed 3072K, reserved 1048576K
}
Event: 4.307 GC heap after
{Heap after GC invocations=6 (full 0):
 garbage-first heap   total 196608K, used 11285K [0x0000000741c00000, 0x0000000800000000)
  region size 1024K, 5 young (5120K), 5 survivors (5120K)
 Metaspace       used 24374K, capacity 24955K, committed 25088K, reserved 1071104K
  class space    used 2810K, capacity 3028K, committed 3072K, reserved 1048576K
}
Event: 6.485 GC heap before
{Heap before GC invocations=6 (full 0):
 garbage-first heap   total 196608K, used 86037K [0x0000000741c00000, 0x0000000800000000)
  region size 1024K, 79 young (80896K), 5 survivors (5120K)
 Metaspace       used 32071K, capacity 32829K, committed 33024K, reserved 1079296K
  class space    used 3717K, capacity 4020K, committed 4096K, reserved 1048576K
}
Event: 6.538 GC heap after
{Heap after GC invocations=7 (full 0):
 garbage-first heap   total 236544K, used 14016K [0x0000000741c00000, 0x0000000800000000)
  region size 1024K, 7 young (7168K), 7 survivors (7168K)
 Metaspace       used 32071K, capacity 32829K, committed 33024K, reserved 1079296K
  class space    used 3717K, capacity 4020K, committed 4096K, reserved 1048576K
}
Event: 7.708 GC heap before
{Heap before GC invocations=7 (full 0):
 garbage-first heap   total 236544K, used 39616K [0x0000000741c00000, 0x0000000800000000)
  region size 1024K, 33 young (33792K), 7 survivors (7168K)
 Metaspace       used 34972K, capacity 35840K, committed 35840K, reserved 1081344K
  class space    used 4119K, capacity 4480K, committed 4480K, reserved 1048576K
}
Event: 7.738 GC heap after
{Heap after GC invocations=8 (full 0):
 garbage-first heap   total 236544K, used 15160K [0x0000000741c00000, 0x0000000800000000)
  region size 1024K, 8 young (8192K), 8 survivors (8192K)
 Metaspace       used 34972K, capacity 35840K, committed 35840K, reserved 1081344K
  class space    used 4119K, capacity 4480K, committed 4480K, reserved 1048576K
}
Event: 15.819 GC heap before
{Heap before GC invocations=9 (full 0):
 garbage-first heap   total 236544K, used 148280K [0x0000000741c00000, 0x0000000800000000)
  region size 1024K, 138 young (141312K), 8 survivors (8192K)
 Metaspace       used 54715K, capacity 56213K, committed 56396K, reserved 1097728K
  class space    used 6852K, capacity 7463K, committed 7500K, reserved 1048576K
}
Event: 15.849 GC heap after
{Heap after GC invocations=10 (full 0):
 garbage-first heap   total 236544K, used 22035K [0x0000000741c00000, 0x0000000800000000)
  region size 1024K, 15 young (15360K), 15 survivors (15360K)
 Metaspace       used 54715K, capacity 56213K, committed 56396K, reserved 1097728K
  class space    used 6852K, capacity 7463K, committed 7500K, reserved 1048576K
}
Event: 16.763 GC heap before
{Heap before GC invocations=10 (full 0):
 garbage-first heap   total 236544K, used 48659K [0x0000000741c00000, 0x0000000800000000)
  region size 1024K, 42 young (43008K), 15 survivors (15360K)
 Metaspace       used 58705K, capacity 60166K, committed 60288K, reserved 1101824K
  class space    used 7465K, capacity 8091K, committed 8140K, reserved 1048576K
}
Event: 16.813 GC heap after
{Heap after GC invocations=11 (full 0):
 garbage-first heap   total 236544K, used 22481K [0x0000000741c00000, 0x0000000800000000)
  region size 1024K, 9 young (9216K), 9 survivors (9216K)
 Metaspace       used 58705K, capacity 60166K, committed 60288K, reserved 1101824K
  class space    used 7465K, capacity 8091K, committed 8140K, reserved 1048576K
}

